{
"contracts/NftMarketplace.sol":{"l":{"36":10,"37":10,"38":1,"40":9,"43":8,"44":8,"45":2,"47":6,"54":14,"55":14,"56":14,"57":1,"59":13,"95":9,"96":0,"98":9,"99":9,"100":0,"102":9,"103":9,"110":1,"111":1,"112":0,"120":0,"122":0,"123":0,"128":0,"145":2,"146":2,"160":2,"161":0,"163":2,"164":2,"168":1,"169":1,"170":1,"172":0,"173":0,"174":0,"182":3,"186":0},"path":"/home/mehrdad/Documents/My Projects/Web3.0_Projects/NFT Marketplace/hardhat_contracts/contracts/NftMarketplace.sol","s":{"1":10,"2":10,"3":8,"4":8,"5":14,"6":14,"7":14,"8":9,"9":9,"10":9,"11":9,"12":9,"13":1,"14":1,"15":0,"16":0,"17":0,"18":2,"19":2,"20":2,"21":2,"22":1,"23":1,"24":0,"25":0,"26":0,"27":3,"28":0},"b":{"1":[1,9],"2":[2,6],"3":[1,13],"4":[0,9],"5":[0,9],"6":[0,1],"7":[0,2],"8":[1,0],"9":[0,0]},"f":{"1":10,"2":8,"3":14,"4":9,"5":1,"6":2,"7":2,"8":1,"9":3,"10":0},"fnMap":{"1":{"name":"notListed","line":31,"loc":{"start":{"line":31,"column":4},"end":{"line":41,"column":4}}},"2":{"name":"isListed","line":42,"loc":{"start":{"line":42,"column":4},"end":{"line":48,"column":4}}},"3":{"name":"isOwner","line":49,"loc":{"start":{"line":49,"column":4},"end":{"line":60,"column":4}}},"4":{"name":"listNftItems","line":93,"loc":{"start":{"line":86,"column":4},"end":{"line":104,"column":4}}},"5":{"name":"buyItem","line":109,"loc":{"start":{"line":106,"column":4},"end":{"line":135,"column":4}}},"6":{"name":"cancelItem","line":143,"loc":{"start":{"line":137,"column":4},"end":{"line":147,"column":4}}},"7":{"name":"updateListing","line":156,"loc":{"start":{"line":149,"column":4},"end":{"line":165,"column":4}}},"8":{"name":"withdrawProceeds","line":167,"loc":{"start":{"line":167,"column":4},"end":{"line":175,"column":4}}},"9":{"name":"get_listing","line":178,"loc":{"start":{"line":178,"column":4},"end":{"line":183,"column":4}}},"10":{"name":"get_proceeds","line":185,"loc":{"start":{"line":185,"column":4},"end":{"line":187,"column":4}}}},"statementMap":{"1":{"start":{"line":36,"column":8},"end":{"line":36,"column":65}},"2":{"start":{"line":37,"column":8},"end":{"line":37,"column":1284}},"3":{"start":{"line":43,"column":8},"end":{"line":43,"column":65}},"4":{"start":{"line":44,"column":8},"end":{"line":44,"column":1547}},"5":{"start":{"line":54,"column":8},"end":{"line":54,"column":42}},"6":{"start":{"line":55,"column":8},"end":{"line":55,"column":45}},"7":{"start":{"line":56,"column":8},"end":{"line":56,"column":1877}},"8":{"start":{"line":95,"column":8},"end":{"line":95,"column":2960}},"9":{"start":{"line":98,"column":8},"end":{"line":98,"column":42}},"10":{"start":{"line":99,"column":8},"end":{"line":99,"column":3100}},"11":{"start":{"line":102,"column":8},"end":{"line":102,"column":69}},"12":{"start":{"line":103,"column":8},"end":{"line":103,"column":65}},"13":{"start":{"line":110,"column":8},"end":{"line":110,"column":69}},"14":{"start":{"line":111,"column":8},"end":{"line":111,"column":3595}},"15":{"start":{"line":120,"column":12},"end":{"line":120,"column":54}},"16":{"start":{"line":123,"column":12},"end":{"line":123,"column":4022}},"17":{"start":{"line":128,"column":12},"end":{"line":128,"column":4178}},"18":{"start":{"line":146,"column":8},"end":{"line":146,"column":60}},"19":{"start":{"line":160,"column":8},"end":{"line":160,"column":5002}},"20":{"start":{"line":163,"column":8},"end":{"line":163,"column":57}},"21":{"start":{"line":164,"column":8},"end":{"line":164,"column":68}},"22":{"start":{"line":168,"column":8},"end":{"line":168,"column":49}},"23":{"start":{"line":169,"column":8},"end":{"line":169,"column":5331}},"24":{"start":{"line":172,"column":8},"end":{"line":172,"column":33}},"25":{"start":{"line":173,"column":8},"end":{"line":173,"column":72}},"26":{"start":{"line":174,"column":8},"end":{"line":174,"column":42}},"27":{"start":{"line":182,"column":8},"end":{"line":182,"column":43}},"28":{"start":{"line":186,"column":8},"end":{"line":186,"column":32}}},"branchMap":{"1":{"line":37,"type":"if","locations":[{"start":{"line":37,"column":8},"end":{"line":37,"column":8}},{"start":{"line":37,"column":8},"end":{"line":37,"column":8}}]},"2":{"line":44,"type":"if","locations":[{"start":{"line":44,"column":8},"end":{"line":44,"column":8}},{"start":{"line":44,"column":8},"end":{"line":44,"column":8}}]},"3":{"line":56,"type":"if","locations":[{"start":{"line":56,"column":8},"end":{"line":56,"column":8}},{"start":{"line":56,"column":8},"end":{"line":56,"column":8}}]},"4":{"line":95,"type":"if","locations":[{"start":{"line":95,"column":8},"end":{"line":95,"column":8}},{"start":{"line":95,"column":8},"end":{"line":95,"column":8}}]},"5":{"line":99,"type":"if","locations":[{"start":{"line":99,"column":8},"end":{"line":99,"column":8}},{"start":{"line":99,"column":8},"end":{"line":99,"column":8}}]},"6":{"line":111,"type":"if","locations":[{"start":{"line":111,"column":8},"end":{"line":111,"column":8}},{"start":{"line":111,"column":8},"end":{"line":111,"column":8}}]},"7":{"line":160,"type":"if","locations":[{"start":{"line":160,"column":8},"end":{"line":160,"column":8}},{"start":{"line":160,"column":8},"end":{"line":160,"column":8}}]},"8":{"line":169,"type":"if","locations":[{"start":{"line":169,"column":8},"end":{"line":169,"column":8}},{"start":{"line":169,"column":8},"end":{"line":169,"column":8}}]},"9":{"line":174,"type":"if","locations":[{"start":{"line":174,"column":8},"end":{"line":174,"column":8}},{"start":{"line":174,"column":8},"end":{"line":174,"column":8}}]}}},
"contracts/test/SimpleNFT01.sol":{"l":{"13":3,"17":14,"18":14,"19":14,"25":0,"29":0,"33":0},"path":"/home/mehrdad/Documents/My Projects/Web3.0_Projects/NFT Marketplace/hardhat_contracts/contracts/test/SimpleNFT01.sol","s":{"1":3,"2":14,"3":14,"4":0,"5":0,"6":0},"b":{"1":[0,0]},"f":{"1":3,"2":14,"3":0,"4":0},"fnMap":{"1":{"name":"constructor","line":12,"loc":{"start":{"line":12,"column":4},"end":{"line":14,"column":4}}},"2":{"name":"mintNFT","line":16,"loc":{"start":{"line":16,"column":4},"end":{"line":20,"column":4}}},"3":{"name":"tokenURI","line":22,"loc":{"start":{"line":22,"column":4},"end":{"line":30,"column":4}}},"4":{"name":"get_tokenCounter","line":32,"loc":{"start":{"line":32,"column":4},"end":{"line":34,"column":4}}}},"statementMap":{"1":{"start":{"line":13,"column":8},"end":{"line":13,"column":25}},"2":{"start":{"line":17,"column":8},"end":{"line":17,"column":44}},"3":{"start":{"line":18,"column":8},"end":{"line":18,"column":38}},"4":{"start":{"line":25,"column":8},"end":{"line":25,"column":684}},"5":{"start":{"line":29,"column":8},"end":{"line":29,"column":24}},"6":{"start":{"line":33,"column":8},"end":{"line":33,"column":29}}},"branchMap":{"1":{"line":25,"type":"if","locations":[{"start":{"line":25,"column":8},"end":{"line":25,"column":8}},{"start":{"line":25,"column":8},"end":{"line":25,"column":8}}]}}},
"contracts/test/SimpleNFT02.sol":{"l":{"13":3,"17":0,"18":0,"19":0,"25":0,"29":0,"33":0},"path":"/home/mehrdad/Documents/My Projects/Web3.0_Projects/NFT Marketplace/hardhat_contracts/contracts/test/SimpleNFT02.sol","s":{"1":3,"2":0,"3":0,"4":0,"5":0,"6":0},"b":{"1":[0,0]},"f":{"1":3,"2":0,"3":0,"4":0},"fnMap":{"1":{"name":"constructor","line":12,"loc":{"start":{"line":12,"column":4},"end":{"line":14,"column":4}}},"2":{"name":"mintNFT","line":16,"loc":{"start":{"line":16,"column":4},"end":{"line":20,"column":4}}},"3":{"name":"tokenURI","line":22,"loc":{"start":{"line":22,"column":4},"end":{"line":30,"column":4}}},"4":{"name":"get_tokenCounter","line":32,"loc":{"start":{"line":32,"column":4},"end":{"line":34,"column":4}}}},"statementMap":{"1":{"start":{"line":13,"column":8},"end":{"line":13,"column":25}},"2":{"start":{"line":17,"column":8},"end":{"line":17,"column":44}},"3":{"start":{"line":18,"column":8},"end":{"line":18,"column":38}},"4":{"start":{"line":25,"column":8},"end":{"line":25,"column":684}},"5":{"start":{"line":29,"column":8},"end":{"line":29,"column":24}},"6":{"start":{"line":33,"column":8},"end":{"line":33,"column":29}}},"branchMap":{"1":{"line":25,"type":"if","locations":[{"start":{"line":25,"column":8},"end":{"line":25,"column":8}},{"start":{"line":25,"column":8},"end":{"line":25,"column":8}}]}}}}
