TN:
SF:/home/mehrdad/Documents/My Projects/Web3.0_Projects/NFT Marketplace/hardhat_contracts/contracts/NftMarketplace.sol
FN:31,notListed
FN:42,isListed
FN:49,isOwner
FN:93,listNftItems
FN:109,buyItem
FN:143,cancelItem
FN:156,updateListing
FN:167,withdrawProceeds
FN:178,get_listing
FN:185,get_proceeds
FNF:10
FNH:9
FNDA:10,notListed
FNDA:8,isListed
FNDA:14,isOwner
FNDA:9,listNftItems
FNDA:1,buyItem
FNDA:2,cancelItem
FNDA:2,updateListing
FNDA:1,withdrawProceeds
FNDA:3,get_listing
FNDA:0,get_proceeds
DA:36,10
DA:37,10
DA:38,1
DA:40,9
DA:43,8
DA:44,8
DA:45,2
DA:47,6
DA:54,14
DA:55,14
DA:56,14
DA:57,1
DA:59,13
DA:95,9
DA:96,0
DA:98,9
DA:99,9
DA:100,0
DA:102,9
DA:103,9
DA:110,1
DA:111,1
DA:112,0
DA:120,0
DA:122,0
DA:123,0
DA:128,0
DA:145,2
DA:146,2
DA:160,2
DA:161,0
DA:163,2
DA:164,2
DA:168,1
DA:169,1
DA:170,1
DA:172,0
DA:173,0
DA:174,0
DA:182,3
DA:186,0
LF:41
LH:29
BRDA:37,1,0,1
BRDA:37,1,1,9
BRDA:44,2,0,2
BRDA:44,2,1,6
BRDA:56,3,0,1
BRDA:56,3,1,13
BRDA:95,4,0,0
BRDA:95,4,1,9
BRDA:99,5,0,0
BRDA:99,5,1,9
BRDA:111,6,0,0
BRDA:111,6,1,1
BRDA:160,7,0,0
BRDA:160,7,1,2
BRDA:169,8,0,1
BRDA:169,8,1,0
BRDA:174,9,0,0
BRDA:174,9,1,0
BRF:18
BRH:11
end_of_record
TN:
SF:/home/mehrdad/Documents/My Projects/Web3.0_Projects/NFT Marketplace/hardhat_contracts/contracts/test/SimpleNFT01.sol
FN:12,constructor
FN:16,mintNFT
FN:22,tokenURI
FN:32,get_tokenCounter
FNF:4
FNH:2
FNDA:3,constructor
FNDA:14,mintNFT
FNDA:0,tokenURI
FNDA:0,get_tokenCounter
DA:13,3
DA:17,14
DA:18,14
DA:19,14
DA:25,0
DA:29,0
DA:33,0
LF:7
LH:4
BRDA:25,1,0,0
BRDA:25,1,1,0
BRF:2
BRH:0
end_of_record
TN:
SF:/home/mehrdad/Documents/My Projects/Web3.0_Projects/NFT Marketplace/hardhat_contracts/contracts/test/SimpleNFT02.sol
FN:12,constructor
FN:16,mintNFT
FN:22,tokenURI
FN:32,get_tokenCounter
FNF:4
FNH:1
FNDA:3,constructor
FNDA:0,mintNFT
FNDA:0,tokenURI
FNDA:0,get_tokenCounter
DA:13,3
DA:17,0
DA:18,0
DA:19,0
DA:25,0
DA:29,0
DA:33,0
LF:7
LH:1
BRDA:25,1,0,0
BRDA:25,1,1,0
BRF:2
BRH:0
end_of_record
